# JRE version: Java(TM) SE Runtime Environment (8.0_05-b13) (build 1.8.0_05-b13)
# Java VM: Java HotSpot(TM) 64-Bit Server VM (25.5-b02 mixed mode windows-amd64 compressed oops)
Heap:
 PSYoungGen      total 3072K, used 2936K [0x00000000eb980000, 0x00000000ebd80000, 0x0000000100000000)
  eden space 2048K, 100% used [0x00000000eb980000,0x00000000ebb80000,0x00000000ebb80000)
  from space 1024K, 86% used [0x00000000ebc80000,0x00000000ebd5e008,0x00000000ebd80000)
  to   space 1024K, 37% used [0x00000000ebb80000,0x00000000ebbe0000,0x00000000ebc80000)
 ParOldGen       total 61952K, used 1786K [0x00000000c2c00000, 0x00000000c6880000, 0x00000000eb980000)
  object space 61952K, 2% used [0x00000000c2c00000,0x00000000c2dbebc0,0x00000000c6880000)
 Metaspace       used 8214K, capacity 8358K, committed 8448K, reserved 1056768K
  class space    used 997K, capacity 1019K, committed 1024K, reserved 1048576K
GC Heap History (10 events):
Event: 0.248 GC heap after
Heap after GC invocations=4 (full 0):
 PSYoungGen      total 1536K, used 496K [0x00000000eb980000, 0x00000000ebb80000, 0x0000000100000000)
  eden space 1024K, 0% used [0x00000000eb980000,0x00000000eb980000,0x00000000eba80000)
  from space 512K, 96% used [0x00000000ebb00000,0x00000000ebb7c010,0x00000000ebb80000)
  to   space 512K, 0% used [0x00000000eba80000,0x00000000eba80000,0x00000000ebb00000)
 ParOldGen       total 61952K, used 543K [0x00000000c2c00000, 0x00000000c6880000, 0x00000000eb980000)
  object space 61952K, 0% used [0x00000000c2c00000,0x00000000c2c87cb8,0x00000000c6880000)
 Metaspace       used 4660K, capacity 4684K, committed 4992K, reserved 1056768K
  class space    used 563K, capacity 584K, committed 640K, reserved 1048576K
}
Event: 0.274 GC heap before
{Heap before GC invocations=5 (full 0):
 PSYoungGen      total 1536K, used 1520K [0x00000000eb980000, 0x00000000ebb80000, 0x0000000100000000)
  eden space 1024K, 100% used [0x00000000eb980000,0x00000000eba80000,0x00000000eba80000)
  from space 512K, 96% used [0x00000000ebb00000,0x00000000ebb7c010,0x00000000ebb80000)
  to   space 512K, 0% used [0x00000000eba80000,0x00000000eba80000,0x00000000ebb00000)
 ParOldGen       total 61952K, used 543K [0x00000000c2c00000, 0x00000000c6880000, 0x00000000eb980000)
  object space 61952K, 0% used [0x00000000c2c00000,0x00000000c2c87cb8,0x00000000c6880000)
 Metaspace       used 5005K, capacity 5040K, committed 5248K, reserved 1056768K
  class space    used 608K, capacity 616K, committed 640K, reserved 1048576K
Event: 0.275 GC heap after
Heap after GC invocations=5 (full 0):
 PSYoungGen      total 1536K, used 496K [0x00000000eb980000, 0x00000000ebd80000, 0x0000000100000000)
  eden space 1024K, 0% used [0x00000000eb980000,0x00000000eb980000,0x00000000eba80000)
  from space 512K, 96% used [0x00000000eba80000,0x00000000ebafc010,0x00000000ebb00000)
  to   space 1024K, 0% used [0x00000000ebc80000,0x00000000ebc80000,0x00000000ebd80000)
 ParOldGen       total 61952K, used 967K [0x00000000c2c00000, 0x00000000c6880000, 0x00000000eb980000)
  object space 61952K, 1% used [0x00000000c2c00000,0x00000000c2cf1f50,0x00000000c6880000)
 Metaspace       used 5005K, capacity 5040K, committed 5248K, reserved 1056768K
  class space    used 608K, capacity 616K, committed 640K, reserved 1048576K
}
Event: 1.083 GC heap before
{Heap before GC invocations=6 (full 0):
 PSYoungGen      total 1536K, used 1513K [0x00000000eb980000, 0x00000000ebd80000, 0x0000000100000000)
  eden space 1024K, 99% used [0x00000000eb980000,0x00000000eba7e500,0x00000000eba80000)
  from space 512K, 96% used [0x00000000eba80000,0x00000000ebafc010,0x00000000ebb00000)
  to   space 1024K, 0% used [0x00000000ebc80000,0x00000000ebc80000,0x00000000ebd80000)
 ParOldGen       total 61952K, used 967K [0x00000000c2c00000, 0x00000000c6880000, 0x00000000eb980000)
  object space 61952K, 1% used [0x00000000c2c00000,0x00000000c2cf1f50,0x00000000c6880000)
 Metaspace       used 7020K, capacity 7136K, committed 7296K, reserved 1056768K
  class space    used 853K, capacity 885K, committed 896K, reserved 1048576K
Event: 1.084 GC heap after
Heap after GC invocations=6 (full 0):
 PSYoungGen      total 3072K, used 881K [0x00000000eb980000, 0x00000000ebd80000, 0x0000000100000000)
  eden space 2048K, 0% used [0x00000000eb980000,0x00000000eb980000,0x00000000ebb80000)
  from space 1024K, 86% used [0x00000000ebc80000,0x00000000ebd5c460,0x00000000ebd80000)
  to   space 1024K, 0% used [0x00000000ebb80000,0x00000000ebb80000,0x00000000ebc80000)
 ParOldGen       total 61952K, used 975K [0x00000000c2c00000, 0x00000000c6880000, 0x00000000eb980000)
  object space 61952K, 1% used [0x00000000c2c00000,0x00000000c2cf3f50,0x00000000c6880000)
 Metaspace       used 7020K, capacity 7136K, committed 7296K, reserved 1056768K
  class space    used 853K, capacity 885K, committed 896K, reserved 1048576K
}
Event: 1.298 GC heap before
{Heap before GC invocations=7 (full 0):
 PSYoungGen      total 3072K, used 2929K [0x00000000eb980000, 0x00000000ebd80000, 0x0000000100000000)
  eden space 2048K, 100% used [0x00000000eb980000,0x00000000ebb80000,0x00000000ebb80000)
  from space 1024K, 86% used [0x00000000ebc80000,0x00000000ebd5c460,0x00000000ebd80000)
  to   space 1024K, 0% used [0x00000000ebb80000,0x00000000ebb80000,0x00000000ebc80000)
 ParOldGen       total 61952K, used 975K [0x00000000c2c00000, 0x00000000c6880000, 0x00000000eb980000)
  object space 61952K, 1% used [0x00000000c2c00000,0x00000000c2cf3f50,0x00000000c6880000)
 Metaspace       used 7496K, capacity 7686K, committed 7936K, reserved 1056768K
  class space    used 913K, capacity 923K, committed 1024K, reserved 1048576K
Event: 1.300 GC heap after
Heap after GC invocations=7 (full 0):
 PSYoungGen      total 3072K, used 980K [0x00000000eb980000, 0x00000000ebd80000, 0x0000000100000000)
  eden space 2048K, 0% used [0x00000000eb980000,0x00000000eb980000,0x00000000ebb80000)
  from space 1024K, 95% used [0x00000000ebb80000,0x00000000ebc751c0,0x00000000ebc80000)
  to   space 1024K, 0% used [0x00000000ebc80000,0x00000000ebc80000,0x00000000ebd80000)
 ParOldGen       total 61952K, used 1244K [0x00000000c2c00000, 0x00000000c6880000, 0x00000000eb980000)
  object space 61952K, 2% used [0x00000000c2c00000,0x00000000c2d37138,0x00000000c6880000)
 Metaspace       used 7496K, capacity 7686K, committed 7936K, reserved 1056768K
  class space    used 913K, capacity 923K, committed 1024K, reserved 1048576K
}
Event: 1.350 GC heap before
{Heap before GC invocations=8 (full 0):
 PSYoungGen      total 3072K, used 3022K [0x00000000eb980000, 0x00000000ebd80000, 0x0000000100000000)
  eden space 2048K, 99% used [0x00000000eb980000,0x00000000ebb7e9d0,0x00000000ebb80000)
  from space 1024K, 95% used [0x00000000ebb80000,0x00000000ebc751c0,0x00000000ebc80000)
  to   space 1024K, 0% used [0x00000000ebc80000,0x00000000ebc80000,0x00000000ebd80000)
 ParOldGen       total 61952K, used 1244K [0x00000000c2c00000, 0x00000000c6880000, 0x00000000eb980000)
  object space 61952K, 2% used [0x00000000c2c00000,0x00000000c2d37138,0x00000000c6880000)
 Metaspace       used 8017K, capacity 8198K, committed 8448K, reserved 1056768K
  class space    used 970K, capacity 987K, committed 1024K, reserved 1048576K
Event: 1.351 GC heap after
Heap after GC invocations=8 (full 0):
 PSYoungGen      total 3072K, used 888K [0x00000000eb980000, 0x00000000ebd80000, 0x0000000100000000)
  eden space 2048K, 0% used [0x00000000eb980000,0x00000000eb980000,0x00000000ebb80000)
  from space 1024K, 86% used [0x00000000ebc80000,0x00000000ebd5e008,0x00000000ebd80000)
  to   space 1024K, 0% used [0x00000000ebb80000,0x00000000ebb80000,0x00000000ebc80000)
 ParOldGen       total 61952K, used 1388K [0x00000000c2c00000, 0x00000000c6880000, 0x00000000eb980000)
  object space 61952K, 2% used [0x00000000c2c00000,0x00000000c2d5b138,0x00000000c6880000)
 Metaspace       used 8017K, capacity 8198K, committed 8448K, reserved 1056768K
  class space    used 970K, capacity 987K, committed 1024K, reserved 1048576K
}
Event: 1.388 GC heap before
{Heap before GC invocations=9 (full 0):
 PSYoungGen      total 3072K, used 2936K [0x00000000eb980000, 0x00000000ebd80000, 0x0000000100000000)
  eden space 2048K, 100% used [0x00000000eb980000,0x00000000ebb80000,0x00000000ebb80000)
  from space 1024K, 86% used [0x00000000ebc80000,0x00000000ebd5e008,0x00000000ebd80000)
  to   space 1024K, 0% used [0x00000000ebb80000,0x00000000ebb80000,0x00000000ebc80000)
 ParOldGen       total 61952K, used 1388K [0x00000000c2c00000, 0x00000000c6880000, 0x00000000eb980000)
  object space 61952K, 2% used [0x00000000c2c00000,0x00000000c2d5b138,0x00000000c6880000)
 Metaspace       used 8214K, capacity 8358K, committed 8448K, reserved 1056768K
  class space    used 997K, capacity 1019K, committed 1024K, reserved 1048576K

